08/09/2014 01:07:07 Entered ServiceMain
08/09/2014 01:07:07 Entered InitService
08/09/2014 01:07:07 Successfully created commands communications channel
08/09/2014 01:07:07 Successfully created results communications channel
08/09/2014 01:07:07 Exiting InitService
08/09/2014 01:07:07 *****Stopping SUService logging*****



08/09/2014 03:30:26 Returning to OS: 0

08/09/2014 03:30:26 *****Stopping SUService logging*****



09/10/2014 22:34:44 Entered ServiceMain
09/10/2014 22:34:44 Entered InitService
09/10/2014 22:34:44 Successfully created commands communications channel
09/10/2014 22:34:44 Successfully created results communications channel
09/10/2014 22:34:44 Exiting InitService
09/10/2014 22:34:44 *****Stopping SUService logging*****



09/11/2014 10:40:22 Returning to OS: 0

09/11/2014 10:40:22 *****Stopping SUService logging*****



09/10/2014 22:42:22 Entered ServiceMain
09/10/2014 22:42:22 Entered InitService
09/10/2014 22:42:22 Successfully created commands communications channel
09/10/2014 22:42:22 Successfully created results communications channel
09/10/2014 22:42:22 Exiting InitService
09/10/2014 22:42:22 *****Stopping SUService logging*****



09/10/2014 22:54:05 Returning to OS: 0

09/10/2014 22:54:05 *****Stopping SUService logging*****



09/10/2014 22:55:35 Entered ServiceMain
09/10/2014 22:55:35 Entered InitService
09/10/2014 22:55:35 Successfully created commands communications channel
09/10/2014 22:55:35 Successfully created results communications channel
09/10/2014 22:55:35 Exiting InitService
09/10/2014 22:55:35 *****Stopping SUService logging*****



09/10/2014 23:03:30 Returning to OS: 0

09/10/2014 23:03:30 *****Stopping SUService logging*****



09/10/2014 23:36:32 Entered ServiceMain
09/10/2014 23:36:32 Entered InitService
09/10/2014 23:36:32 Successfully created commands communications channel
09/10/2014 23:36:32 Successfully created results communications channel
09/10/2014 23:36:32 Exiting InitService
09/10/2014 23:36:32 *****Stopping SUService logging*****



09/10/2014 23:42:38 Returning to OS: 0

09/10/2014 23:42:38 *****Stopping SUService logging*****



09/10/2014 23:43:59 Entered ServiceMain
09/10/2014 23:43:59 Entered InitService
09/10/2014 23:43:59 Successfully created commands communications channel
09/10/2014 23:43:59 Successfully created results communications channel
09/10/2014 23:43:59 Exiting InitService
09/10/2014 23:43:59 *****Stopping SUService logging*****



09/10/2014 23:50:38 Returning to OS: 0

09/10/2014 23:50:38 *****Stopping SUService logging*****



10/13/2014 02:03:35 Entered ServiceMain
10/13/2014 02:03:35 Entered InitService
10/13/2014 02:03:35 Successfully created commands communications channel
10/13/2014 02:03:35 Successfully created results communications channel
10/13/2014 02:03:35 Exiting InitService
10/13/2014 02:03:35 *****Stopping SUService logging*****



10/13/2014 05:42:44 Returning to OS: 0

10/13/2014 05:42:44 *****Stopping SUService logging*****



10/13/2014 21:13:21 Entered ServiceMain
10/13/2014 21:13:21 Entered InitService
10/13/2014 21:13:21 Successfully created commands communications channel
10/13/2014 21:13:21 Successfully created results communications channel
10/13/2014 21:13:21 Exiting InitService
10/13/2014 21:13:21 *****Stopping SUService logging*****



10/14/2014 04:07:36 Returning to OS: 0

10/14/2014 04:07:37 *****Stopping SUService logging*****



10/14/2014 16:11:35 Entered ServiceMain
10/14/2014 16:11:35 Entered InitService
10/14/2014 16:11:35 Successfully created commands communications channel
10/14/2014 16:11:35 Successfully created results communications channel
10/14/2014 16:11:35 Exiting InitService
10/14/2014 16:11:35 *****Stopping SUService logging*****



10/14/2014 17:44:23 Returning to OS: 0

10/14/2014 17:44:23 *****Stopping SUService logging*****



10/15/2014 08:54:45 Entered ServiceMain
10/15/2014 08:54:45 Entered InitService
10/15/2014 08:54:45 Successfully created commands communications channel
10/15/2014 08:54:45 Successfully created results communications channel
10/15/2014 08:54:45 Exiting InitService
10/15/2014 08:54:45 *****Stopping SUService logging*****



10/15/2014 11:03:23 Entered ServiceMain
10/15/2014 11:03:23 Entered InitService
10/15/2014 11:03:23 Successfully created commands communications channel
10/15/2014 11:03:23 Successfully created results communications channel
10/15/2014 11:03:23 Exiting InitService
10/15/2014 11:03:23 *****Stopping SUService logging*****



10/15/2014 18:03:00 Returning to OS: 0

10/15/2014 18:03:00 *****Stopping SUService logging*****



10/16/2014 08:59:17 Entered ServiceMain
10/16/2014 08:59:17 Entered InitService
10/16/2014 08:59:17 Successfully created commands communications channel
10/16/2014 08:59:17 Successfully created results communications channel
10/16/2014 08:59:17 Exiting InitService
10/16/2014 08:59:17 *****Stopping SUService logging*****



10/16/2014 17:47:26 Returning to OS: 0

10/16/2014 17:47:26 *****Stopping SUService logging*****



10/17/2014 09:07:01 Entered ServiceMain
10/17/2014 09:07:01 Entered InitService
10/17/2014 09:07:01 Successfully created commands communications channel
10/17/2014 09:07:01 Successfully created results communications channel
10/17/2014 09:07:01 Exiting InitService
10/17/2014 09:07:01 *****Stopping SUService logging*****



10/17/2014 09:07:50 Returning to OS: 0

10/17/2014 09:07:50 *****Stopping SUService logging*****



10/17/2014 09:09:14 Entered ServiceMain
10/17/2014 09:09:14 Entered InitService
10/17/2014 09:09:14 Successfully created commands communications channel
10/17/2014 09:09:14 Successfully created results communications channel
10/17/2014 09:09:14 Exiting InitService
10/17/2014 09:09:14 *****Stopping SUService logging*****



10/17/2014 17:45:44 Returning to OS: 0

10/17/2014 17:45:44 *****Stopping SUService logging*****



10/19/2014 09:23:09 Entered ServiceMain
10/19/2014 09:23:09 Entered InitService
10/19/2014 09:23:09 Successfully created commands communications channel
10/19/2014 09:23:09 Successfully created results communications channel
10/19/2014 09:23:09 Exiting InitService
10/19/2014 09:23:09 *****Stopping SUService logging*****



10/19/2014 18:07:04 Returning to OS: 0

10/19/2014 18:07:04 *****Stopping SUService logging*****



10/20/2014 09:11:43 Entered ServiceMain
10/20/2014 09:11:43 Entered InitService
10/20/2014 09:11:43 Successfully created commands communications channel
10/20/2014 09:11:43 Successfully created results communications channel
10/20/2014 09:11:43 Exiting InitService
10/20/2014 09:11:43 *****Stopping SUService logging*****



10/20/2014 12:09:23 Entered ServiceMain
10/20/2014 12:09:23 Entered InitService
10/20/2014 12:09:23 Successfully created commands communications channel
10/20/2014 12:09:23 Successfully created results communications channel
10/20/2014 12:09:23 Exiting InitService
10/20/2014 12:09:23 *****Stopping SUService logging*****



10/20/2014 17:43:13 Returning to OS: 0

10/20/2014 17:43:13 *****Stopping SUService logging*****



10/21/2014 09:06:30 Entered ServiceMain
10/21/2014 09:06:30 Entered InitService
10/21/2014 09:06:30 Successfully created commands communications channel
10/21/2014 09:06:30 Successfully created results communications channel
10/21/2014 09:06:30 Exiting InitService
10/21/2014 09:06:30 *****Stopping SUService logging*****



10/21/2014 17:45:29 Returning to OS: 0

10/21/2014 17:45:29 *****Stopping SUService logging*****



10/22/2014 08:58:41 Entered ServiceMain
10/22/2014 08:58:41 Entered InitService
10/22/2014 08:58:41 Successfully created commands communications channel
10/22/2014 08:58:41 Successfully created results communications channel
10/22/2014 08:58:41 Exiting InitService
10/22/2014 08:58:41 *****Stopping SUService logging*****



10/22/2014 12:24:12 Entered ServiceMain
10/22/2014 12:24:12 Entered InitService
10/22/2014 12:24:12 Successfully created commands communications channel
10/22/2014 12:24:12 Successfully created results communications channel
10/22/2014 12:24:12 Exiting InitService
10/22/2014 12:24:12 *****Stopping SUService logging*****



10/22/2014 17:46:30 Returning to OS: 0

10/22/2014 17:46:30 *****Stopping SUService logging*****



10/23/2014 09:18:43 Entered ServiceMain
10/23/2014 09:18:43 Entered InitService
10/23/2014 09:18:43 Successfully created commands communications channel
10/23/2014 09:18:43 Successfully created results communications channel
10/23/2014 09:18:43 Exiting InitService
10/23/2014 09:18:43 *****Stopping SUService logging*****



10/23/2014 17:49:20 Returning to OS: 0

10/23/2014 17:49:20 *****Stopping SUService logging*****



10/24/2014 08:58:33 Entered ServiceMain
10/24/2014 08:58:33 Entered InitService
10/24/2014 08:58:33 Successfully created commands communications channel
10/24/2014 08:58:33 Successfully created results communications channel
10/24/2014 08:58:33 Exiting InitService
10/24/2014 08:58:33 *****Stopping SUService logging*****



10/24/2014 12:14:12 Returning to OS: 0

10/24/2014 12:14:12 *****Stopping SUService logging*****



10/24/2014 19:56:54 Entered ServiceMain
10/24/2014 19:56:54 Entered InitService
10/24/2014 19:56:54 Successfully created commands communications channel
10/24/2014 19:56:54 Successfully created results communications channel
10/24/2014 19:56:54 Exiting InitService
10/24/2014 19:56:54 *****Stopping SUService logging*****



10/27/2014 10:50:22 Returning to OS: 0

10/27/2014 10:50:22 *****Stopping SUService logging*****



10/27/2014 10:52:04 Entered ServiceMain
10/27/2014 10:52:04 Entered InitService
10/27/2014 10:52:04 Successfully created commands communications channel
10/27/2014 10:52:04 Successfully created results communications channel
10/27/2014 10:52:04 Exiting InitService
10/27/2014 10:52:04 *****Stopping SUService logging*****



10/27/2014 17:46:39 Returning to OS: 0

10/27/2014 17:46:39 *****Stopping SUService logging*****



10/27/2014 19:57:11 Entered ServiceMain
10/27/2014 19:57:11 Entered InitService
10/27/2014 19:57:11 Successfully created commands communications channel
10/27/2014 19:57:11 Successfully created results communications channel
10/27/2014 19:57:11 Exiting InitService
10/27/2014 19:57:11 *****Stopping SUService logging*****



10/27/2014 21:18:40 Returning to OS: 0

10/27/2014 21:18:40 *****Stopping SUService logging*****



10/28/2014 09:02:47 Entered ServiceMain
10/28/2014 09:02:47 Entered InitService
10/28/2014 09:02:47 Successfully created commands communications channel
10/28/2014 09:02:47 Successfully created results communications channel
10/28/2014 09:02:47 Exiting InitService
10/28/2014 09:02:47 *****Stopping SUService logging*****



10/28/2014 17:47:54 Returning to OS: 0

10/28/2014 17:47:54 *****Stopping SUService logging*****



10/28/2014 20:30:51 Entered ServiceMain
10/28/2014 20:30:51 Entered InitService
10/28/2014 20:30:51 Successfully created commands communications channel
10/28/2014 20:30:51 Successfully created results communications channel
10/28/2014 20:30:51 Exiting InitService
10/28/2014 20:30:51 *****Stopping SUService logging*****



10/28/2014 22:24:16 Returning to OS: 0

10/28/2014 22:24:16 *****Stopping SUService logging*****



10/29/2014 09:01:26 Entered ServiceMain
10/29/2014 09:01:26 Entered InitService
10/29/2014 09:01:26 Successfully created commands communications channel
10/29/2014 09:01:26 Successfully created results communications channel
10/29/2014 09:01:26 Exiting InitService
10/29/2014 09:01:26 *****Stopping SUService logging*****



10/29/2014 17:44:42 Returning to OS: 0

10/29/2014 17:44:42 *****Stopping SUService logging*****



10/29/2014 21:26:14 Entered ServiceMain
10/29/2014 21:26:14 Entered InitService
10/29/2014 21:26:14 Successfully created commands communications channel
10/29/2014 21:26:14 Successfully created results communications channel
10/29/2014 21:26:14 Exiting InitService
10/29/2014 21:26:14 *****Stopping SUService logging*****



10/29/2014 23:38:27 Returning to OS: 0

10/29/2014 23:38:27 *****Stopping SUService logging*****



10/30/2014 09:13:20 Entered ServiceMain
10/30/2014 09:13:20 Entered InitService
10/30/2014 09:13:20 Successfully created commands communications channel
10/30/2014 09:13:20 Successfully created results communications channel
10/30/2014 09:13:20 Exiting InitService
10/30/2014 09:13:20 *****Stopping SUService logging*****



10/30/2014 18:35:51 Returning to OS: 0

10/30/2014 18:35:51 *****Stopping SUService logging*****



10/31/2014 09:08:48 Entered ServiceMain
10/31/2014 09:08:48 Entered InitService
10/31/2014 09:08:48 Successfully created commands communications channel
10/31/2014 09:08:48 Successfully created results communications channel
10/31/2014 09:08:48 Exiting InitService
10/31/2014 09:08:48 *****Stopping SUService logging*****



10/31/2014 17:50:26 Returning to OS: 0

10/31/2014 17:50:26 *****Stopping SUService logging*****



11/01/2014 11:12:04 Entered ServiceMain
11/01/2014 11:12:04 Entered InitService
11/01/2014 11:12:04 Successfully created commands communications channel
11/01/2014 11:12:04 Successfully created results communications channel
11/01/2014 11:12:04 Exiting InitService
11/01/2014 11:12:04 *****Stopping SUService logging*****



11/01/2014 14:53:57 Returning to OS: 0

11/01/2014 14:53:57 *****Stopping SUService logging*****



11/03/2014 09:10:17 Entered ServiceMain
11/03/2014 09:10:17 Entered InitService
11/03/2014 09:10:17 Successfully created commands communications channel
11/03/2014 09:10:17 Successfully created results communications channel
11/03/2014 09:10:17 Exiting InitService
11/03/2014 09:10:17 *****Stopping SUService logging*****



11/03/2014 17:48:36 Returning to OS: 0

11/03/2014 17:48:36 *****Stopping SUService logging*****



11/04/2014 09:00:22 Entered ServiceMain
11/04/2014 09:00:22 Entered InitService
11/04/2014 09:00:22 Successfully created commands communications channel
11/04/2014 09:00:22 Successfully created results communications channel
11/04/2014 09:00:22 Exiting InitService
11/04/2014 09:00:22 *****Stopping SUService logging*****



11/04/2014 17:45:31 Returning to OS: 0

11/04/2014 17:45:31 *****Stopping SUService logging*****



11/04/2014 21:25:55 Entered ServiceMain
11/04/2014 21:25:55 Entered InitService
11/04/2014 21:25:55 Successfully created commands communications channel
11/04/2014 21:25:55 Successfully created results communications channel
11/04/2014 21:25:55 Exiting InitService
11/04/2014 21:25:55 *****Stopping SUService logging*****



11/04/2014 22:51:57 Returning to OS: 0

11/04/2014 22:51:57 *****Stopping SUService logging*****



11/05/2014 09:02:30 Entered ServiceMain
11/05/2014 09:02:30 Entered InitService
11/05/2014 09:02:30 Successfully created commands communications channel
11/05/2014 09:02:30 Successfully created results communications channel
11/05/2014 09:02:30 Exiting InitService
11/05/2014 09:02:30 *****Stopping SUService logging*****



11/05/2014 19:14:35 Returning to OS: 0

11/05/2014 19:14:35 *****Stopping SUService logging*****



11/06/2014 08:57:47 Entered ServiceMain
11/06/2014 08:57:47 Entered InitService
11/06/2014 08:57:47 Successfully created commands communications channel
11/06/2014 08:57:47 Successfully created results communications channel
11/06/2014 08:57:47 Exiting InitService
11/06/2014 08:57:47 *****Stopping SUService logging*****



11/06/2014 17:50:05 Returning to OS: 0

11/06/2014 17:50:05 *****Stopping SUService logging*****



11/07/2014 09:00:14 Entered ServiceMain
11/07/2014 09:00:14 Entered InitService
11/07/2014 09:00:14 Successfully created commands communications channel
11/07/2014 09:00:14 Successfully created results communications channel
11/07/2014 09:00:14 Exiting InitService
11/07/2014 09:00:14 *****Stopping SUService logging*****



11/07/2014 17:48:08 Returning to OS: 0

11/07/2014 17:48:08 *****Stopping SUService logging*****



11/09/2014 19:44:24 Entered ServiceMain
11/09/2014 19:44:24 Entered InitService
11/09/2014 19:44:24 Successfully created commands communications channel
11/09/2014 19:44:24 Successfully created results communications channel
11/09/2014 19:44:24 Exiting InitService
11/09/2014 19:44:24 *****Stopping SUService logging*****



11/09/2014 22:37:05 Returning to OS: 0

11/09/2014 22:37:05 *****Stopping SUService logging*****



11/10/2014 19:17:24 Entered ServiceMain
11/10/2014 19:17:24 Entered InitService
11/10/2014 19:17:24 Successfully created commands communications channel
11/10/2014 19:17:24 Successfully created results communications channel
11/10/2014 19:17:24 Exiting InitService
11/10/2014 19:17:24 *****Stopping SUService logging*****



11/10/2014 22:11:34 Returning to OS: 0

11/10/2014 22:11:34 *****Stopping SUService logging*****



11/11/2014 09:02:19 Entered ServiceMain
11/11/2014 09:02:19 Entered InitService
11/11/2014 09:02:19 Successfully created commands communications channel
11/11/2014 09:02:19 Successfully created results communications channel
11/11/2014 09:02:19 Exiting InitService
11/11/2014 09:02:19 *****Stopping SUService logging*****



11/11/2014 10:41:54 Returning to OS: 0

11/11/2014 10:41:54 *****Stopping SUService logging*****



11/11/2014 11:27:08 Entered ServiceMain
11/11/2014 11:27:08 Entered InitService
11/11/2014 11:27:08 Successfully created commands communications channel
11/11/2014 11:27:08 Successfully created results communications channel
11/11/2014 11:27:08 Exiting InitService
11/11/2014 11:27:08 *****Stopping SUService logging*****



11/11/2014 22:23:07 Returning to OS: 0

11/11/2014 22:23:07 *****Stopping SUService logging*****



11/12/2014 09:04:18 Entered ServiceMain
11/12/2014 09:04:18 Entered InitService
11/12/2014 09:04:18 Successfully created commands communications channel
11/12/2014 09:04:18 Successfully created results communications channel
11/12/2014 09:04:18 Exiting InitService
11/12/2014 09:04:18 *****Stopping SUService logging*****



11/12/2014 17:47:12 Returning to OS: 0

11/12/2014 17:47:12 *****Stopping SUService logging*****



11/12/2014 20:43:05 Entered ServiceMain
11/12/2014 20:43:05 Entered InitService
11/12/2014 20:43:05 Successfully created commands communications channel
11/12/2014 20:43:05 Successfully created results communications channel
11/12/2014 20:43:05 Exiting InitService
11/12/2014 20:43:05 *****Stopping SUService logging*****



11/12/2014 22:30:13 Returning to OS: 0

11/12/2014 22:30:13 *****Stopping SUService logging*****



11/13/2014 08:56:37 Entered ServiceMain
11/13/2014 08:56:37 Entered InitService
11/13/2014 08:56:37 Successfully created commands communications channel
11/13/2014 08:56:37 Successfully created results communications channel
11/13/2014 08:56:37 Exiting InitService
11/13/2014 08:56:37 *****Stopping SUService logging*****



11/13/2014 17:48:27 Returning to OS: 0

11/13/2014 17:48:27 *****Stopping SUService logging*****



11/13/2014 21:10:28 Entered ServiceMain
11/13/2014 21:10:28 Entered InitService
11/13/2014 21:10:28 Successfully created commands communications channel
11/13/2014 21:10:28 Successfully created results communications channel
11/13/2014 21:10:28 Exiting InitService
11/13/2014 21:10:28 *****Stopping SUService logging*****



11/13/2014 22:52:03 Returning to OS: 0

11/13/2014 22:52:03 *****Stopping SUService logging*****



11/14/2014 09:01:15 Entered ServiceMain
11/14/2014 09:01:15 Entered InitService
11/14/2014 09:01:15 Successfully created commands communications channel
11/14/2014 09:01:15 Successfully created results communications channel
11/14/2014 09:01:15 Exiting InitService
11/14/2014 09:01:15 *****Stopping SUService logging*****



11/14/2014 10:40:41 Returning to OS: 0

11/14/2014 10:40:41 *****Stopping SUService logging*****



11/14/2014 10:42:53 Entered ServiceMain
11/14/2014 10:42:53 Entered InitService
11/14/2014 10:42:53 Successfully created commands communications channel
11/14/2014 10:42:53 Successfully created results communications channel
11/14/2014 10:42:53 Exiting InitService
11/14/2014 10:42:53 *****Stopping SUService logging*****



11/14/2014 13:07:12 Returning to OS: 0

11/14/2014 13:07:12 *****Stopping SUService logging*****



11/14/2014 13:09:19 Entered ServiceMain
11/14/2014 13:09:19 Entered InitService
11/14/2014 13:09:19 Successfully created commands communications channel
11/14/2014 13:09:19 Successfully created results communications channel
11/14/2014 13:09:19 Exiting InitService
11/14/2014 13:09:19 *****Stopping SUService logging*****



11/14/2014 14:44:42 Returning to OS: 0

11/14/2014 14:44:42 *****Stopping SUService logging*****



11/14/2014 14:52:27 Entered ServiceMain
11/14/2014 14:52:27 Entered InitService
11/14/2014 14:52:27 Successfully created commands communications channel
11/14/2014 14:52:27 Successfully created results communications channel
11/14/2014 14:52:27 Exiting InitService
11/14/2014 14:52:27 *****Stopping SUService logging*****



11/14/2014 17:38:43 Returning to OS: 0

11/14/2014 17:38:43 *****Stopping SUService logging*****



11/14/2014 19:53:35 Entered ServiceMain
11/14/2014 19:53:35 Entered InitService
11/14/2014 19:53:35 Successfully created commands communications channel
11/14/2014 19:53:35 Successfully created results communications channel
11/14/2014 19:53:35 Exiting InitService
11/14/2014 19:53:35 *****Stopping SUService logging*****



11/15/2014 00:36:29 Returning to OS: 0

11/15/2014 00:36:29 *****Stopping SUService logging*****



11/15/2014 13:49:28 Entered ServiceMain
11/15/2014 13:49:28 Entered InitService
11/15/2014 13:49:28 Successfully created commands communications channel
11/15/2014 13:49:28 Successfully created results communications channel
11/15/2014 13:49:28 Exiting InitService
11/15/2014 13:49:28 *****Stopping SUService logging*****



11/17/2014 09:26:59 Returning to OS: 0

11/17/2014 09:26:59 *****Stopping SUService logging*****



11/17/2014 09:29:22 Entered ServiceMain
11/17/2014 09:29:22 Entered InitService
11/17/2014 09:29:22 Successfully created commands communications channel
11/17/2014 09:29:22 Successfully created results communications channel
11/17/2014 09:29:22 Exiting InitService
11/17/2014 09:29:22 *****Stopping SUService logging*****



11/18/2014 00:03:52 Returning to OS: 0

11/18/2014 00:03:52 *****Stopping SUService logging*****



11/18/2014 09:01:35 Entered ServiceMain
11/18/2014 09:01:35 Entered InitService
11/18/2014 09:01:35 Successfully created commands communications channel
11/18/2014 09:01:35 Successfully created results communications channel
11/18/2014 09:01:35 Exiting InitService
11/18/2014 09:01:35 *****Stopping SUService logging*****



11/18/2014 17:45:15 Returning to OS: 0

11/18/2014 17:45:15 *****Stopping SUService logging*****



11/18/2014 21:13:20 Entered ServiceMain
11/18/2014 21:13:20 Entered InitService
11/18/2014 21:13:20 Successfully created commands communications channel
11/18/2014 21:13:20 Successfully created results communications channel
11/18/2014 21:13:20 Exiting InitService
11/18/2014 21:13:20 *****Stopping SUService logging*****



11/18/2014 23:42:07 Returning to OS: 0

11/18/2014 23:42:07 *****Stopping SUService logging*****



11/19/2014 09:03:57 Entered ServiceMain
11/19/2014 09:03:57 Entered InitService
11/19/2014 09:03:57 Successfully created commands communications channel
11/19/2014 09:03:57 Successfully created results communications channel
11/19/2014 09:03:57 Exiting InitService
11/19/2014 09:03:57 *****Stopping SUService logging*****



11/19/2014 17:57:13 Returning to OS: 0

11/19/2014 17:57:13 *****Stopping SUService logging*****



11/19/2014 20:54:07 Entered ServiceMain
11/19/2014 20:54:07 Entered InitService
11/19/2014 20:54:07 Successfully created commands communications channel
11/19/2014 20:54:07 Successfully created results communications channel
11/19/2014 20:54:07 Exiting InitService
11/19/2014 20:54:07 *****Stopping SUService logging*****



11/19/2014 21:50:27 Returning to OS: 0

11/19/2014 21:50:27 *****Stopping SUService logging*****



11/20/2014 09:07:31 Entered ServiceMain
11/20/2014 09:07:31 Entered InitService
11/20/2014 09:07:31 Successfully created commands communications channel
11/20/2014 09:07:31 Successfully created results communications channel
11/20/2014 09:07:31 Exiting InitService
11/20/2014 09:07:31 *****Stopping SUService logging*****



11/20/2014 17:48:11 Returning to OS: 0

11/20/2014 17:48:11 *****Stopping SUService logging*****



11/20/2014 21:03:07 Entered ServiceMain
11/20/2014 21:03:07 Entered InitService
11/20/2014 21:03:07 Successfully created commands communications channel
11/20/2014 21:03:07 Successfully created results communications channel
11/20/2014 21:03:07 Exiting InitService
11/20/2014 21:03:07 *****Stopping SUService logging*****



11/20/2014 22:14:40 Returning to OS: 0

11/20/2014 22:14:40 *****Stopping SUService logging*****



11/21/2014 09:17:48 Entered ServiceMain
11/21/2014 09:17:48 Entered InitService
11/21/2014 09:17:48 Successfully created commands communications channel
11/21/2014 09:17:48 Successfully created results communications channel
11/21/2014 09:17:48 Exiting InitService
11/21/2014 09:17:48 *****Stopping SUService logging*****



11/21/2014 17:44:11 Returning to OS: 0

11/21/2014 17:44:11 *****Stopping SUService logging*****



11/21/2014 20:47:31 Entered ServiceMain
11/21/2014 20:47:31 Entered InitService
11/21/2014 20:47:31 Successfully created commands communications channel
11/21/2014 20:47:31 Successfully created results communications channel
11/21/2014 20:47:31 Exiting InitService
11/21/2014 20:47:31 *****Stopping SUService logging*****



11/21/2014 23:24:48 Returning to OS: 0

11/21/2014 23:24:48 *****Stopping SUService logging*****



11/22/2014 08:13:40 Entered ServiceMain
11/22/2014 08:13:40 Entered InitService
11/22/2014 08:13:40 Successfully created commands communications channel
11/22/2014 08:13:40 Successfully created results communications channel
11/22/2014 08:13:40 Exiting InitService
11/22/2014 08:13:40 *****Stopping SUService logging*****



11/23/2014 22:42:26 Returning to OS: 0

11/23/2014 22:42:26 *****Stopping SUService logging*****



11/24/2014 09:11:07 Entered ServiceMain
11/24/2014 09:11:07 Entered InitService
11/24/2014 09:11:07 Successfully created commands communications channel
11/24/2014 09:11:07 Successfully created results communications channel
11/24/2014 09:11:07 Exiting InitService
11/24/2014 09:11:07 *****Stopping SUService logging*****



11/24/2014 18:12:56 Returning to OS: 0

11/24/2014 18:12:56 *****Stopping SUService logging*****



11/24/2014 21:05:41 Entered ServiceMain
11/24/2014 21:05:41 Entered InitService
11/24/2014 21:05:41 Successfully created commands communications channel
11/24/2014 21:05:41 Successfully created results communications channel
11/24/2014 21:05:41 Exiting InitService
11/24/2014 21:05:41 *****Stopping SUService logging*****



11/24/2014 23:43:16 Returning to OS: 0

11/24/2014 23:43:16 *****Stopping SUService logging*****



11/25/2014 09:02:00 Entered ServiceMain
11/25/2014 09:02:00 Entered InitService
11/25/2014 09:02:00 Successfully created commands communications channel
11/25/2014 09:02:00 Successfully created results communications channel
11/25/2014 09:02:00 Exiting InitService
11/25/2014 09:02:00 *****Stopping SUService logging*****



11/25/2014 17:43:48 Returning to OS: 0

11/25/2014 17:43:48 *****Stopping SUService logging*****



11/25/2014 21:21:48 Entered ServiceMain
11/25/2014 21:21:48 Entered InitService
11/25/2014 21:21:48 Successfully created commands communications channel
11/25/2014 21:21:48 Successfully created results communications channel
11/25/2014 21:21:48 Exiting InitService
11/25/2014 21:21:48 *****Stopping SUService logging*****



11/25/2014 22:42:17 Returning to OS: 0

11/25/2014 22:42:17 *****Stopping SUService logging*****



11/26/2014 08:59:39 Entered ServiceMain
11/26/2014 08:59:39 Entered InitService
11/26/2014 08:59:39 Successfully created commands communications channel
11/26/2014 08:59:39 Successfully created results communications channel
11/26/2014 08:59:39 Exiting InitService
11/26/2014 08:59:39 *****Stopping SUService logging*****



11/26/2014 23:29:38 Returning to OS: 0

11/26/2014 23:29:38 *****Stopping SUService logging*****



11/27/2014 08:58:16 Entered ServiceMain
11/27/2014 08:58:16 Entered InitService
11/27/2014 08:58:16 Successfully created commands communications channel
11/27/2014 08:58:16 Successfully created results communications channel
11/27/2014 08:58:16 Exiting InitService
11/27/2014 08:58:16 *****Stopping SUService logging*****



11/28/2014 09:58:47 Returning to OS: 0

11/28/2014 09:58:47 *****Stopping SUService logging*****



11/28/2014 15:55:48 Entered ServiceMain
11/28/2014 15:55:48 Entered InitService
11/28/2014 15:55:48 Successfully created commands communications channel
11/28/2014 15:55:48 Successfully created results communications channel
11/28/2014 15:55:48 Exiting InitService
11/28/2014 15:55:48 *****Stopping SUService logging*****



11/29/2014 15:57:31 Entered ServiceMain
11/29/2014 15:57:31 Entered InitService
11/29/2014 15:57:31 Successfully created commands communications channel
11/29/2014 15:57:31 Successfully created results communications channel
11/29/2014 15:57:31 Exiting InitService
11/29/2014 15:57:31 *****Stopping SUService logging*****



12/01/2014 19:44:05 Entered ServiceMain
12/01/2014 19:44:05 Entered InitService
12/01/2014 19:44:05 Successfully created commands communications channel
12/01/2014 19:44:05 Successfully created results communications channel
12/01/2014 19:44:05 Exiting InitService
12/01/2014 19:44:05 *****Stopping SUService logging*****



12/01/2014 21:02:33 Returning to OS: 0

12/01/2014 21:02:33 *****Stopping SUService logging*****



12/02/2014 08:36:26 Entered ServiceMain
12/02/2014 08:36:26 Entered InitService
12/02/2014 08:36:26 Successfully created commands communications channel
12/02/2014 08:36:26 Successfully created results communications channel
12/02/2014 08:36:26 Exiting InitService
12/02/2014 08:36:26 *****Stopping SUService logging*****



12/03/2014 16:01:43 Entered ServiceMain
12/03/2014 16:01:43 Entered InitService
12/03/2014 16:01:43 Successfully created commands communications channel
12/03/2014 16:01:43 Successfully created results communications channel
12/03/2014 16:01:43 Exiting InitService
12/03/2014 16:01:43 *****Stopping SUService logging*****



12/03/2014 17:38:56 Entered ServiceMain
12/03/2014 17:38:56 Entered InitService
12/03/2014 17:38:56 Successfully created commands communications channel
12/03/2014 17:38:56 Successfully created results communications channel
12/03/2014 17:38:56 Exiting InitService
12/03/2014 17:38:56 *****Stopping SUService logging*****



12/03/2014 17:48:36 Returning to OS: 0

12/03/2014 17:48:36 *****Stopping SUService logging*****



12/03/2014 19:53:40 Entered ServiceMain
12/03/2014 19:53:40 Entered InitService
12/03/2014 19:53:40 Successfully created commands communications channel
12/03/2014 19:53:40 Successfully created results communications channel
12/03/2014 19:53:40 Exiting InitService
12/03/2014 19:53:40 *****Stopping SUService logging*****



12/04/2014 09:12:56 Returning to OS: 0

12/04/2014 09:12:56 *****Stopping SUService logging*****



12/04/2014 09:14:18 Entered ServiceMain
12/04/2014 09:14:18 Entered InitService
12/04/2014 09:14:18 Successfully created commands communications channel
12/04/2014 09:14:18 Successfully created results communications channel
12/04/2014 09:14:18 Exiting InitService
12/04/2014 09:14:18 *****Stopping SUService logging*****



12/04/2014 14:18:48 Returning to OS: 0

12/04/2014 14:18:48 *****Stopping SUService logging*****



12/04/2014 14:20:38 Entered ServiceMain
12/04/2014 14:20:38 Entered InitService
12/04/2014 14:20:38 Successfully created commands communications channel
12/04/2014 14:20:38 Successfully created results communications channel
12/04/2014 14:20:38 Exiting InitService
12/04/2014 14:20:38 *****Stopping SUService logging*****



12/04/2014 14:34:20 Returning to OS: 0

12/04/2014 14:34:20 *****Stopping SUService logging*****



12/04/2014 14:36:36 Entered ServiceMain
12/04/2014 14:36:36 Entered InitService
12/04/2014 14:36:36 Successfully created commands communications channel
12/04/2014 14:36:36 Successfully created results communications channel
12/04/2014 14:36:36 Exiting InitService
12/04/2014 14:36:36 *****Stopping SUService logging*****



12/04/2014 19:13:41 Returning to OS: 0

12/04/2014 19:13:41 *****Stopping SUService logging*****



12/05/2014 09:06:50 Entered ServiceMain
12/05/2014 09:06:50 Entered InitService
12/05/2014 09:06:50 Successfully created commands communications channel
12/05/2014 09:06:50 Successfully created results communications channel
12/05/2014 09:06:50 Exiting InitService
12/05/2014 09:06:50 *****Stopping SUService logging*****



12/06/2014 08:40:23 Returning to OS: 0

12/06/2014 08:40:23 *****Stopping SUService logging*****



12/06/2014 08:43:01 Entered ServiceMain
12/06/2014 08:43:01 Entered InitService
12/06/2014 08:43:01 Successfully created commands communications channel
12/06/2014 08:43:01 Successfully created results communications channel
12/06/2014 08:43:01 Exiting InitService
12/06/2014 08:43:01 *****Stopping SUService logging*****



12/08/2014 17:35:26 Returning to OS: 0

12/08/2014 17:35:26 *****Stopping SUService logging*****



12/08/2014 21:01:07 Entered ServiceMain
12/08/2014 21:01:07 Entered InitService
12/08/2014 21:01:07 Successfully created commands communications channel
12/08/2014 21:01:07 Successfully created results communications channel
12/08/2014 21:01:07 Exiting InitService
12/08/2014 21:01:07 *****Stopping SUService logging*****



12/08/2014 22:52:11 Returning to OS: 0

12/08/2014 22:52:11 *****Stopping SUService logging*****



12/09/2014 09:01:14 Entered ServiceMain
12/09/2014 09:01:14 Entered InitService
12/09/2014 09:01:14 Successfully created commands communications channel
12/09/2014 09:01:14 Successfully created results communications channel
12/09/2014 09:01:14 Exiting InitService
12/09/2014 09:01:14 *****Stopping SUService logging*****



12/09/2014 18:57:02 Returning to OS: 0

12/09/2014 18:57:02 *****Stopping SUService logging*****



12/10/2014 08:54:49 Entered ServiceMain
12/10/2014 08:54:49 Entered InitService
12/10/2014 08:54:49 Successfully created commands communications channel
12/10/2014 08:54:49 Successfully created results communications channel
12/10/2014 08:54:49 Exiting InitService
12/10/2014 08:54:49 *****Stopping SUService logging*****



12/14/2014 23:03:31 Returning to OS: 0

12/14/2014 23:03:31 *****Stopping SUService logging*****



12/15/2014 09:12:02 Entered ServiceMain
12/15/2014 09:12:02 Entered InitService
12/15/2014 09:12:02 Successfully created commands communications channel
12/15/2014 09:12:02 Successfully created results communications channel
12/15/2014 09:12:02 Exiting InitService
12/15/2014 09:12:02 *****Stopping SUService logging*****



12/15/2014 17:23:41 Returning to OS: 0

12/15/2014 17:23:41 *****Stopping SUService logging*****



12/15/2014 17:24:59 Entered ServiceMain
12/15/2014 17:24:59 Entered InitService
12/15/2014 17:24:59 Successfully created commands communications channel
12/15/2014 17:24:59 Successfully created results communications channel
12/15/2014 17:24:59 Exiting InitService
12/15/2014 17:24:59 *****Stopping SUService logging*****



12/15/2014 17:46:11 Returning to OS: 0

12/15/2014 17:46:11 *****Stopping SUService logging*****



12/15/2014 19:33:36 Entered ServiceMain
12/15/2014 19:33:36 Entered InitService
12/15/2014 19:33:36 Successfully created commands communications channel
12/15/2014 19:33:36 Successfully created results communications channel
12/15/2014 19:33:36 Exiting InitService
12/15/2014 19:33:36 *****Stopping SUService logging*****



12/17/2014 09:08:57 Returning to OS: 0

12/17/2014 09:08:57 *****Stopping SUService logging*****



12/17/2014 09:10:27 Entered ServiceMain
12/17/2014 09:10:27 Entered InitService
12/17/2014 09:10:27 Successfully created commands communications channel
12/17/2014 09:10:27 Successfully created results communications channel
12/17/2014 09:10:27 Exiting InitService
12/17/2014 09:10:27 *****Stopping SUService logging*****



12/17/2014 23:44:46 Returning to OS: 0

12/17/2014 23:44:46 *****Stopping SUService logging*****



12/18/2014 08:49:24 Entered ServiceMain
12/18/2014 08:49:24 Entered InitService
12/18/2014 08:49:24 Successfully created commands communications channel
12/18/2014 08:49:24 Successfully created results communications channel
12/18/2014 08:49:24 Exiting InitService
12/18/2014 08:49:24 *****Stopping SUService logging*****



12/18/2014 16:42:22 Returning to OS: 0

12/18/2014 16:42:22 *****Stopping SUService logging*****



12/18/2014 16:44:16 Entered ServiceMain
12/18/2014 16:44:16 Entered InitService
12/18/2014 16:44:16 Successfully created commands communications channel
12/18/2014 16:44:16 Successfully created results communications channel
12/18/2014 16:44:16 Exiting InitService
12/18/2014 16:44:16 *****Stopping SUService logging*****



12/18/2014 18:15:04 Returning to OS: 0

12/18/2014 18:15:04 *****Stopping SUService logging*****



12/18/2014 20:39:27 Entered ServiceMain
12/18/2014 20:39:27 Entered InitService
12/18/2014 20:39:27 Successfully created commands communications channel
12/18/2014 20:39:27 Successfully created results communications channel
12/18/2014 20:39:27 Exiting InitService
12/18/2014 20:39:27 *****Stopping SUService logging*****



12/18/2014 22:52:06 Returning to OS: 0

12/18/2014 22:52:06 *****Stopping SUService logging*****



12/19/2014 08:47:38 Entered ServiceMain
12/19/2014 08:47:38 Entered InitService
12/19/2014 08:47:38 Successfully created commands communications channel
12/19/2014 08:47:38 Successfully created results communications channel
12/19/2014 08:47:38 Exiting InitService
12/19/2014 08:47:38 *****Stopping SUService logging*****



12/19/2014 15:44:05 Returning to OS: 0

12/19/2014 15:44:05 *****Stopping SUService logging*****



12/19/2014 20:32:19 Entered ServiceMain
12/19/2014 20:32:19 Entered InitService
12/19/2014 20:32:19 Successfully created commands communications channel
12/19/2014 20:32:19 Successfully created results communications channel
12/19/2014 20:32:19 Exiting InitService
12/19/2014 20:32:19 *****Stopping SUService logging*****



12/22/2014 09:19:32 Entered ServiceMain
12/22/2014 09:19:32 Entered InitService
12/22/2014 09:19:32 Successfully created commands communications channel
12/22/2014 09:19:32 Successfully created results communications channel
12/22/2014 09:19:32 Exiting InitService
12/22/2014 09:19:32 *****Stopping SUService logging*****



12/22/2014 18:44:40 Returning to OS: 0

12/22/2014 18:44:40 *****Stopping SUService logging*****



12/22/2014 20:56:23 Entered ServiceMain
12/22/2014 20:56:23 Entered InitService
12/22/2014 20:56:23 Successfully created commands communications channel
12/22/2014 20:56:23 Successfully created results communications channel
12/22/2014 20:56:23 Exiting InitService
12/22/2014 20:56:23 *****Stopping SUService logging*****



12/23/2014 09:04:13 Entered ServiceMain
12/23/2014 09:04:13 Entered InitService
12/23/2014 09:04:13 Successfully created commands communications channel
12/23/2014 09:04:13 Successfully created results communications channel
12/23/2014 09:04:13 Exiting InitService
12/23/2014 09:04:13 *****Stopping SUService logging*****



12/23/2014 23:01:34 Returning to OS: 0

12/23/2014 23:01:34 *****Stopping SUService logging*****



12/24/2014 09:29:28 Entered ServiceMain
12/24/2014 09:29:28 Entered InitService
12/24/2014 09:29:28 Successfully created commands communications channel
12/24/2014 09:29:28 Successfully created results communications channel
12/24/2014 09:29:28 Exiting InitService
12/24/2014 09:29:28 *****Stopping SUService logging*****



01/05/2015 19:40:17 Returning to OS: 0

01/05/2015 19:40:18 *****Stopping SUService logging*****



01/06/2015 09:10:28 Entered ServiceMain
01/06/2015 09:10:28 Entered InitService
01/06/2015 09:10:28 Successfully created commands communications channel
01/06/2015 09:10:28 Successfully created results communications channel
01/06/2015 09:10:28 Exiting InitService
01/06/2015 09:10:28 *****Stopping SUService logging*****



01/06/2015 18:42:54 Returning to OS: 0

01/06/2015 18:42:54 *****Stopping SUService logging*****



01/07/2015 08:59:00 Entered ServiceMain
01/07/2015 08:59:00 Entered InitService
01/07/2015 08:59:00 Successfully created commands communications channel
01/07/2015 08:59:00 Successfully created results communications channel
01/07/2015 08:59:00 Exiting InitService
01/07/2015 08:59:00 *****Stopping SUService logging*****



01/07/2015 13:22:24 Returning to OS: 0

01/07/2015 13:22:24 *****Stopping SUService logging*****



01/07/2015 13:25:09 Entered ServiceMain
01/07/2015 13:25:09 Entered InitService
01/07/2015 13:25:09 Successfully created commands communications channel
01/07/2015 13:25:09 Successfully created results communications channel
01/07/2015 13:25:09 Exiting InitService
01/07/2015 13:25:09 *****Stopping SUService logging*****



01/08/2015 09:24:50 Returning to OS: 0

01/08/2015 09:24:50 *****Stopping SUService logging*****



01/08/2015 09:28:27 Entered ServiceMain
01/08/2015 09:28:27 Entered InitService
01/08/2015 09:28:27 Successfully created commands communications channel
01/08/2015 09:28:27 Successfully created results communications channel
01/08/2015 09:28:27 Exiting InitService
01/08/2015 09:28:27 *****Stopping SUService logging*****



01/08/2015 19:43:43 Returning to OS: 0

01/08/2015 19:43:43 *****Stopping SUService logging*****



01/09/2015 09:09:18 Entered ServiceMain
01/09/2015 09:09:18 Entered InitService
01/09/2015 09:09:18 Successfully created commands communications channel
01/09/2015 09:09:18 Successfully created results communications channel
01/09/2015 09:09:18 Exiting InitService
01/09/2015 09:09:18 *****Stopping SUService logging*****



01/09/2015 17:52:26 Returning to OS: 0

01/09/2015 17:52:26 *****Stopping SUService logging*****



01/09/2015 20:56:35 Entered ServiceMain
01/09/2015 20:56:35 Entered InitService
01/09/2015 20:56:35 Successfully created commands communications channel
01/09/2015 20:56:35 Successfully created results communications channel
01/09/2015 20:56:35 Exiting InitService
01/09/2015 20:56:35 *****Stopping SUService logging*****



01/12/2015 17:46:15 Returning to OS: 0

01/12/2015 17:46:15 *****Stopping SUService logging*****



01/12/2015 20:52:25 Entered ServiceMain
01/12/2015 20:52:25 Entered InitService
01/12/2015 20:52:25 Successfully created commands communications channel
01/12/2015 20:52:25 Successfully created results communications channel
01/12/2015 20:52:25 Exiting InitService
01/12/2015 20:52:25 *****Stopping SUService logging*****



01/12/2015 21:55:02 Returning to OS: 0

01/12/2015 21:55:02 *****Stopping SUService logging*****



01/13/2015 08:54:57 Entered ServiceMain
01/13/2015 08:54:57 Entered InitService
01/13/2015 08:54:57 Successfully created commands communications channel
01/13/2015 08:54:57 Successfully created results communications channel
01/13/2015 08:54:57 Exiting InitService
01/13/2015 08:54:57 *****Stopping SUService logging*****



01/13/2015 18:24:15 Returning to OS: 0

01/13/2015 18:24:15 *****Stopping SUService logging*****



01/13/2015 18:34:32 Entered ServiceMain
01/13/2015 18:34:32 Entered InitService
01/13/2015 18:34:32 Successfully created commands communications channel
01/13/2015 18:34:32 Successfully created results communications channel
01/13/2015 18:34:32 Exiting InitService
01/13/2015 18:34:32 *****Stopping SUService logging*****



01/15/2015 11:46:10 Returning to OS: 0

01/15/2015 11:46:10 *****Stopping SUService logging*****



01/15/2015 11:48:24 Entered ServiceMain
01/15/2015 11:48:24 Entered InitService
01/15/2015 11:48:24 Successfully created commands communications channel
01/15/2015 11:48:24 Successfully created results communications channel
01/15/2015 11:48:24 Exiting InitService
01/15/2015 11:48:24 *****Stopping SUService logging*****



01/15/2015 17:12:28 Returning to OS: 0

01/15/2015 17:12:28 *****Stopping SUService logging*****



01/15/2015 17:15:04 Entered ServiceMain
01/15/2015 17:15:04 Entered InitService
01/15/2015 17:15:04 Successfully created commands communications channel
01/15/2015 17:15:04 Successfully created results communications channel
01/15/2015 17:15:04 Exiting InitService
01/15/2015 17:15:04 *****Stopping SUService logging*****



01/15/2015 17:47:46 Returning to OS: 0

01/15/2015 17:47:46 *****Stopping SUService logging*****



01/16/2015 08:59:01 Entered ServiceMain
01/16/2015 08:59:01 Entered InitService
01/16/2015 08:59:01 Successfully created commands communications channel
01/16/2015 08:59:01 Successfully created results communications channel
01/16/2015 08:59:01 Exiting InitService
01/16/2015 08:59:01 *****Stopping SUService logging*****



01/16/2015 17:46:26 Returning to OS: 0

01/16/2015 17:46:26 *****Stopping SUService logging*****



01/16/2015 20:31:56 Entered ServiceMain
01/16/2015 20:31:56 Entered InitService
01/16/2015 20:31:56 Successfully created commands communications channel
01/16/2015 20:31:56 Successfully created results communications channel
01/16/2015 20:31:56 Exiting InitService
01/16/2015 20:31:56 *****Stopping SUService logging*****



01/17/2015 22:48:44 Returning to OS: 0

01/17/2015 22:48:44 *****Stopping SUService logging*****



01/19/2015 09:04:01 Entered ServiceMain
01/19/2015 09:04:01 Entered InitService
01/19/2015 09:04:01 Successfully created commands communications channel
01/19/2015 09:04:01 Successfully created results communications channel
01/19/2015 09:04:01 Exiting InitService
01/19/2015 09:04:01 *****Stopping SUService logging*****



01/19/2015 17:44:35 Returning to OS: 0

01/19/2015 17:44:35 *****Stopping SUService logging*****



01/20/2015 08:57:51 Entered ServiceMain
01/20/2015 08:57:51 Entered InitService
01/20/2015 08:57:51 Successfully created commands communications channel
01/20/2015 08:57:51 Successfully created results communications channel
01/20/2015 08:57:51 Exiting InitService
01/20/2015 08:57:51 *****Stopping SUService logging*****



01/20/2015 18:24:54 Returning to OS: 0

01/20/2015 18:24:54 *****Stopping SUService logging*****



01/21/2015 08:45:19 Entered ServiceMain
01/21/2015 08:45:19 Entered InitService
01/21/2015 08:45:19 Successfully created commands communications channel
01/21/2015 08:45:19 Successfully created results communications channel
01/21/2015 08:45:19 Exiting InitService
01/21/2015 08:45:19 *****Stopping SUService logging*****



01/21/2015 10:13:01 Returning to OS: 0

01/21/2015 10:13:01 *****Stopping SUService logging*****



01/21/2015 10:16:17 Entered ServiceMain
01/21/2015 10:16:17 Entered InitService
01/21/2015 10:16:17 Successfully created commands communications channel
01/21/2015 10:16:17 Successfully created results communications channel
01/21/2015 10:16:17 Exiting InitService
01/21/2015 10:16:17 *****Stopping SUService logging*****



01/21/2015 21:03:27 Returning to OS: 0

01/21/2015 21:03:27 *****Stopping SUService logging*****



01/22/2015 08:58:27 Entered ServiceMain
01/22/2015 08:58:27 Entered InitService
01/22/2015 08:58:27 Successfully created commands communications channel
01/22/2015 08:58:27 Successfully created results communications channel
01/22/2015 08:58:27 Exiting InitService
01/22/2015 08:58:27 *****Stopping SUService logging*****



01/22/2015 22:12:17 Returning to OS: 0

01/22/2015 22:12:17 *****Stopping SUService logging*****



01/25/2015 11:16:24 Entered ServiceMain
01/25/2015 11:16:24 Entered InitService
01/25/2015 11:16:24 Successfully created commands communications channel
01/25/2015 11:16:24 Successfully created results communications channel
01/25/2015 11:16:24 Exiting InitService
01/25/2015 11:16:24 *****Stopping SUService logging*****



01/26/2015 09:14:32 Returning to OS: 0

01/26/2015 09:14:32 *****Stopping SUService logging*****



01/26/2015 09:16:53 Entered ServiceMain
01/26/2015 09:16:53 Entered InitService
01/26/2015 09:16:53 Successfully created commands communications channel
01/26/2015 09:16:53 Successfully created results communications channel
01/26/2015 09:16:53 Exiting InitService
01/26/2015 09:16:53 *****Stopping SUService logging*****



01/26/2015 12:19:39 Entered ServiceMain
01/26/2015 12:19:39 Entered InitService
01/26/2015 12:19:39 Successfully created commands communications channel
01/26/2015 12:19:39 Successfully created results communications channel
01/26/2015 12:19:39 Exiting InitService
01/26/2015 12:19:39 *****Stopping SUService logging*****



01/26/2015 17:45:49 Returning to OS: 0

01/26/2015 17:45:49 *****Stopping SUService logging*****



01/26/2015 20:45:51 Entered ServiceMain
01/26/2015 20:45:51 Entered InitService
01/26/2015 20:45:52 Successfully created commands communications channel
01/26/2015 20:45:52 Successfully created results communications channel
01/26/2015 20:45:52 Exiting InitService
01/26/2015 20:45:52 *****Stopping SUService logging*****



01/27/2015 18:58:12 Returning to OS: 0

01/27/2015 18:58:12 *****Stopping SUService logging*****



01/28/2015 09:00:58 Entered ServiceMain
01/28/2015 09:00:58 Entered InitService
01/28/2015 09:00:58 Successfully created commands communications channel
01/28/2015 09:00:58 Successfully created results communications channel
01/28/2015 09:00:58 Exiting InitService
01/28/2015 09:00:58 *****Stopping SUService logging*****



02/03/2015 18:16:23 Returning to OS: 0

02/03/2015 18:16:23 *****Stopping SUService logging*****



02/04/2015 08:56:52 Entered ServiceMain
02/04/2015 08:56:52 Entered InitService
02/04/2015 08:56:52 Successfully created commands communications channel
02/04/2015 08:56:52 Successfully created results communications channel
02/04/2015 08:56:52 Exiting InitService
02/04/2015 08:56:52 *****Stopping SUService logging*****



02/04/2015 17:44:56 Returning to OS: 0

02/04/2015 17:44:56 *****Stopping SUService logging*****



02/05/2015 08:54:44 Entered ServiceMain
02/05/2015 08:54:44 Entered InitService
02/05/2015 08:54:44 Successfully created commands communications channel
02/05/2015 08:54:44 Successfully created results communications channel
02/05/2015 08:54:44 Exiting InitService
02/05/2015 08:54:44 *****Stopping SUService logging*****



02/06/2015 17:10:23 Returning to OS: 0

02/06/2015 17:10:23 *****Stopping SUService logging*****



02/08/2015 18:12:33 Entered ServiceMain
02/08/2015 18:12:33 Entered InitService
02/08/2015 18:12:33 Successfully created commands communications channel
02/08/2015 18:12:33 Successfully created results communications channel
02/08/2015 18:12:33 Exiting InitService
02/08/2015 18:12:33 *****Stopping SUService logging*****



02/08/2015 18:50:45 Returning to OS: 0

02/08/2015 18:50:45 *****Stopping SUService logging*****



02/08/2015 18:53:30 Entered ServiceMain
02/08/2015 18:53:30 Entered InitService
02/08/2015 18:53:30 Successfully created commands communications channel
02/08/2015 18:53:30 Successfully created results communications channel
02/08/2015 18:53:30 Exiting InitService
02/08/2015 18:53:30 *****Stopping SUService logging*****



02/08/2015 20:31:17 Returning to OS: 0

02/08/2015 20:31:17 *****Stopping SUService logging*****



02/09/2015 09:03:08 Entered ServiceMain
02/09/2015 09:03:08 Entered InitService
02/09/2015 09:03:08 Successfully created commands communications channel
02/09/2015 09:03:08 Successfully created results communications channel
02/09/2015 09:03:08 Exiting InitService
02/09/2015 09:03:08 *****Stopping SUService logging*****



02/11/2015 08:32:21 Returning to OS: 0

02/11/2015 08:32:21 *****Stopping SUService logging*****



02/11/2015 08:34:15 Entered ServiceMain
02/11/2015 08:34:15 Entered InitService
02/11/2015 08:34:15 Successfully created commands communications channel
02/11/2015 08:34:15 Successfully created results communications channel
02/11/2015 08:34:15 Exiting InitService
02/11/2015 08:34:15 *****Stopping SUService logging*****



02/11/2015 11:55:03 Returning to OS: 0

02/11/2015 11:55:03 *****Stopping SUService logging*****



02/12/2015 08:36:25 Entered ServiceMain
02/12/2015 08:36:25 Entered InitService
02/12/2015 08:36:25 Successfully created commands communications channel
02/12/2015 08:36:25 Successfully created results communications channel
02/12/2015 08:36:25 Exiting InitService
02/12/2015 08:36:25 *****Stopping SUService logging*****



02/12/2015 17:35:26 Returning to OS: 0

02/12/2015 17:35:26 *****Stopping SUService logging*****



03/02/2015 09:16:07 Entered ServiceMain
03/02/2015 09:16:07 Entered InitService
03/02/2015 09:16:07 Successfully created commands communications channel
03/02/2015 09:16:07 Successfully created results communications channel
03/02/2015 09:16:07 Exiting InitService
03/02/2015 09:16:07 *****Stopping SUService logging*****



03/05/2015 17:36:36 Returning to OS: 0

03/05/2015 17:36:36 *****Stopping SUService logging*****



03/05/2015 17:40:54 Entered ServiceMain
03/05/2015 17:40:54 Entered InitService
03/05/2015 17:40:54 Successfully created commands communications channel
03/05/2015 17:40:54 Successfully created results communications channel
03/05/2015 17:40:54 Exiting InitService
03/05/2015 17:40:54 *****Stopping SUService logging*****



03/05/2015 17:48:40 Returning to OS: 0

03/05/2015 17:48:40 *****Stopping SUService logging*****



03/06/2015 08:52:18 Entered ServiceMain
03/06/2015 08:52:18 Entered InitService
03/06/2015 08:52:18 Successfully created commands communications channel
03/06/2015 08:52:18 Successfully created results communications channel
03/06/2015 08:52:18 Exiting InitService
03/06/2015 08:52:18 *****Stopping SUService logging*****



03/06/2015 22:08:59 Returning to OS: 0

03/06/2015 22:08:59 *****Stopping SUService logging*****



03/07/2015 08:57:00 Entered ServiceMain
03/07/2015 08:57:00 Entered InitService
03/07/2015 08:57:00 Successfully created commands communications channel
03/07/2015 08:57:00 Successfully created results communications channel
03/07/2015 08:57:00 Exiting InitService
03/07/2015 08:57:00 *****Stopping SUService logging*****



03/07/2015 21:13:14 Returning to OS: 0

03/07/2015 21:13:14 *****Stopping SUService logging*****



03/08/2015 09:10:50 Entered ServiceMain
03/08/2015 09:10:50 Entered InitService
03/08/2015 09:10:50 Successfully created commands communications channel
03/08/2015 09:10:50 Successfully created results communications channel
03/08/2015 09:10:50 Exiting InitService
03/08/2015 09:10:50 *****Stopping SUService logging*****



03/08/2015 10:34:20 Returning to OS: 0

03/08/2015 10:34:20 *****Stopping SUService logging*****



03/08/2015 10:36:25 Entered ServiceMain
03/08/2015 10:36:25 Entered InitService
03/08/2015 10:36:25 Successfully created commands communications channel
03/08/2015 10:36:25 Successfully created results communications channel
03/08/2015 10:36:25 Exiting InitService
03/08/2015 10:36:25 *****Stopping SUService logging*****



03/08/2015 11:42:21 Returning to OS: 0

03/08/2015 11:42:21 *****Stopping SUService logging*****



03/08/2015 11:45:20 Entered ServiceMain
03/08/2015 11:45:20 Entered InitService
03/08/2015 11:45:20 Successfully created commands communications channel
03/08/2015 11:45:20 Successfully created results communications channel
03/08/2015 11:45:20 Exiting InitService
03/08/2015 11:45:20 *****Stopping SUService logging*****



03/08/2015 12:19:06 Returning to OS: 0

03/08/2015 12:19:06 *****Stopping SUService logging*****



03/09/2015 09:02:50 Entered ServiceMain
03/09/2015 09:02:50 Entered InitService
03/09/2015 09:02:50 Successfully created commands communications channel
03/09/2015 09:02:50 Successfully created results communications channel
03/09/2015 09:02:50 Exiting InitService
03/09/2015 09:02:50 *****Stopping SUService logging*****



03/09/2015 18:28:10 Returning to OS: 0

03/09/2015 18:28:10 *****Stopping SUService logging*****



03/10/2015 09:21:38 Entered ServiceMain
03/10/2015 09:21:38 Entered InitService
03/10/2015 09:21:38 Successfully created commands communications channel
03/10/2015 09:21:38 Successfully created results communications channel
03/10/2015 09:21:38 Exiting InitService
03/10/2015 09:21:38 *****Stopping SUService logging*****



03/10/2015 10:03:40 Returning to OS: 0

03/10/2015 10:03:40 *****Stopping SUService logging*****



03/10/2015 12:33:51 Entered ServiceMain
03/10/2015 12:33:51 Entered InitService
03/10/2015 12:33:51 Successfully created commands communications channel
03/10/2015 12:33:51 Successfully created results communications channel
03/10/2015 12:33:51 Exiting InitService
03/10/2015 12:33:51 *****Stopping SUService logging*****



03/10/2015 16:19:21 Returning to OS: 0

03/10/2015 16:19:21 *****Stopping SUService logging*****



03/10/2015 20:36:27 Entered ServiceMain
03/10/2015 20:36:27 Entered InitService
03/10/2015 20:36:27 Successfully created commands communications channel
03/10/2015 20:36:27 Successfully created results communications channel
03/10/2015 20:36:27 Exiting InitService
03/10/2015 20:36:27 *****Stopping SUService logging*****



03/10/2015 21:02:22 Returning to OS: 0

03/10/2015 21:02:22 *****Stopping SUService logging*****



03/11/2015 08:51:16 Entered ServiceMain
03/11/2015 08:51:16 Entered InitService
03/11/2015 08:51:16 Successfully created commands communications channel
03/11/2015 08:51:16 Successfully created results communications channel
03/11/2015 08:51:16 Exiting InitService
03/11/2015 08:51:16 *****Stopping SUService logging*****



03/13/2015 17:47:47 Returning to OS: 0

03/13/2015 17:47:48 *****Stopping SUService logging*****



03/14/2015 09:40:43 Entered ServiceMain
03/14/2015 09:40:43 Entered InitService
03/14/2015 09:40:43 Successfully created commands communications channel
03/14/2015 09:40:43 Successfully created results communications channel
03/14/2015 09:40:43 Exiting InitService
03/14/2015 09:40:43 *****Stopping SUService logging*****



03/18/2015 09:07:19 Entered ServiceMain
03/18/2015 09:07:19 Entered InitService
03/18/2015 09:07:19 Successfully created commands communications channel
03/18/2015 09:07:19 Successfully created results communications channel
03/18/2015 09:07:19 Exiting InitService
03/18/2015 09:07:19 *****Stopping SUService logging*****



03/18/2015 14:39:11 Returning to OS: 0

03/18/2015 14:39:11 *****Stopping SUService logging*****



03/18/2015 14:42:32 Entered ServiceMain
03/18/2015 14:42:32 Entered InitService
03/18/2015 14:42:32 Successfully created commands communications channel
03/18/2015 14:42:32 Successfully created results communications channel
03/18/2015 14:42:32 Exiting InitService
03/18/2015 14:42:32 *****Stopping SUService logging*****



03/18/2015 17:50:28 Returning to OS: 0

03/18/2015 17:50:28 *****Stopping SUService logging*****



03/19/2015 08:54:59 Entered ServiceMain
03/19/2015 08:54:59 Entered InitService
03/19/2015 08:54:59 Successfully created commands communications channel
03/19/2015 08:54:59 Successfully created results communications channel
03/19/2015 08:54:59 Exiting InitService
03/19/2015 08:54:59 *****Stopping SUService logging*****



03/20/2015 09:50:19 Returning to OS: 0

03/20/2015 09:50:19 *****Stopping SUService logging*****



03/20/2015 09:52:19 Entered ServiceMain
03/20/2015 09:52:19 Entered InitService
03/20/2015 09:52:19 Successfully created commands communications channel
03/20/2015 09:52:19 Successfully created results communications channel
03/20/2015 09:52:19 Exiting InitService
03/20/2015 09:52:19 *****Stopping SUService logging*****



03/22/2015 09:37:43 Returning to OS: 0

03/22/2015 09:37:43 *****Stopping SUService logging*****



03/22/2015 09:40:05 Entered ServiceMain
03/22/2015 09:40:05 Entered InitService
03/22/2015 09:40:05 Successfully created commands communications channel
03/22/2015 09:40:05 Successfully created results communications channel
03/22/2015 09:40:05 Exiting InitService
03/22/2015 09:40:05 *****Stopping SUService logging*****



03/22/2015 09:53:02 Returning to OS: 0

03/22/2015 09:53:02 *****Stopping SUService logging*****



03/23/2015 09:01:05 Entered ServiceMain
03/23/2015 09:01:05 Entered InitService
03/23/2015 09:01:05 Successfully created commands communications channel
03/23/2015 09:01:05 Successfully created results communications channel
03/23/2015 09:01:05 Exiting InitService
03/23/2015 09:01:05 *****Stopping SUService logging*****



